\BOOKMARK [1][-]{section.1}{\376\377\137\025\212\000}{}% 1
\BOOKMARK [1][-]{section.2}{\376\377\166\370\121\163\135\345\117\134}{}% 2
\BOOKMARK [2][-]{subsection.2.1}{\376\377\131\032\117\123\143\245\211\346\122\250\122\233\133\146\166\204\116\044\174\173\142\200\147\057\116\073\176\277}{section.2}% 3
\BOOKMARK [2][-]{subsection.2.2}{\376\377\127\372\116\216\177\132\121\375\145\160\166\204\121\163\202\202\116\016\143\245\211\346\131\004\164\006}{section.2}% 4
\BOOKMARK [2][-]{subsection.2.3}{\376\377\000I\000P\000C\000\040\116\016\176\337\116\000\123\330\122\006\145\366\225\364\153\145}{section.2}% 5
\BOOKMARK [2][-]{subsection.2.4}{\376\377\000A\000L\060\001\176\323\147\204\123\026\162\133\230\177\116\016\123\302\145\160\214\003\136\246}{section.2}% 6
\BOOKMARK [1][-]{section.3}{\376\377\225\356\230\230\133\232\116\111\116\016\176\337\116\000\123\330\122\006\145\366\225\364\153\145}{}% 7
\BOOKMARK [1][-]{section.4}{\376\377\145\271\154\325\176\306\202\202}{}% 8
\BOOKMARK [2][-]{subsection.4.1}{\376\377\137\142\137\017\123\026\120\107\213\276\116\016\116\000\226\066\116\000\201\364\140\047}{section.4}% 9
\BOOKMARK [2][-]{subsection.4.2}{\376\377\173\227\154\325\150\106\147\266}{section.4}% 10
\BOOKMARK [2][-]{subsection.4.3}{\376\377\121\163\202\202\000\040\000A\000L\000\040\116\016\217\157\176\246\147\137\127\372\176\277\121\161\133\130}{section.4}% 11
\BOOKMARK [2][-]{subsection.4.4}{\376\377\176\323\147\204\123\026\162\133\230\177\154\102\211\343}{section.4}% 12
\BOOKMARK [2][-]{subsection.4.5}{\376\377\123\314\221\315\122\032\136\246\214\003\136\246\377\010\131\032\122\032\117\123\122\250\122\233\133\146\122\240\220\037\377\011}{section.4}% 13
\BOOKMARK [2][-]{subsection.4.6}{\376\377\135\345\172\013\123\026\145\066\145\133\121\306\122\031\116\016\145\345\137\327\123\343\137\204}{section.4}% 14
\BOOKMARK [1][-]{section.5}{\376\377\133\236\232\214\213\276\177\156\116\016\213\304\117\060\123\117\213\256}{}% 15
\BOOKMARK [2][-]{subsection.5.1}{\376\377\133\236\232\214\203\003\126\364\116\016\137\123\122\115\123\343\137\204}{section.5}% 16
\BOOKMARK [2][-]{subsection.5.2}{\376\377\176\337\116\000\143\007\150\007\116\016\153\324\217\203\123\237\122\031}{section.5}% 17
\BOOKMARK [1][-]{section.6}{\376\377\176\323\147\234\116\016\122\006\147\220\377\010\231\226\162\110\377\011}{}% 18
\BOOKMARK [2][-]{subsection.6.1}{\376\377\176\323\147\234\140\073\211\310}{section.6}% 19
\BOOKMARK [2][-]{subsection.6.2}{\376\377\000A\0001\377\032\121\163\202\202\157\002\171\373\116\016\176\246\147\137\153\213\135\356\153\143\137\017\133\371\153\324}{section.6}% 20
